<?xml version="1.0" encoding="UTF-8"?>
<robot generator="Robot 4.0.1 (Python 3.9.4 on win32)" generated="20210427 20:17:11.581" rpa="false" schemaversion="2">
<suite id="s1" name="Bol" source="D:\Personal\Automation\Prodapt\bol.robot">
<test id="s1-t1" name="Visit Bol">
<kw name="Open Browser" library="SeleniumLibrary">
<arg>${HOME_PAGE}</arg>
<arg>${BROWSER}</arg>
<doc>Opens a new browser instance to the optional ``url``.</doc>
<msg timestamp="20210427 20:17:11.994" level="INFO">Opening browser 'headlesschrome' to base url 'https://www.bol.com'.</msg>
<status status="PASS" starttime="20210427 20:17:11.993" endtime="20210427 20:17:14.691"/>
</kw>
<kw name="Click Element" library="SeleniumLibrary">
<arg>${ACCPET_COOKIE}</arg>
<doc>Click the element identified by ``locator``.</doc>
<msg timestamp="20210427 20:17:14.692" level="INFO">Clicking element '//*[@id="modalWindow"]/div[2]/div[2]/wsp-consent-modal/div[2]/div/div[1]/button'.</msg>
<status status="PASS" starttime="20210427 20:17:14.691" endtime="20210427 20:17:15.105"/>
</kw>
<status status="PASS" starttime="20210427 20:17:11.989" endtime="20210427 20:17:15.106"/>
</test>
<test id="s1-t2" name="Search for Samsung S6 lite">
<kw name="Press Keys" library="SeleniumLibrary">
<arg>${SEARCH_FOR}</arg>
<arg>${SEARCH_CONTAINS}</arg>
<doc>Simulates the user pressing key(s) to an element or on the active browser.</doc>
<msg timestamp="20210427 20:17:15.109" level="INFO">Sending key(s) ('Samsung S6 lite',) to //*[@id="searchfor"] element.</msg>
<msg timestamp="20210427 20:17:15.559" level="INFO">Sending keys Samsung S6 lite</msg>
<status status="PASS" starttime="20210427 20:17:15.108" endtime="20210427 20:17:15.772"/>
</kw>
<kw name="Click Element" library="SeleniumLibrary">
<arg>${SEARCH_BUTTON}</arg>
<doc>Click the element identified by ``locator``.</doc>
<msg timestamp="20210427 20:17:15.773" level="INFO">Clicking element '//*[@id="siteSearch"]/div/button'.</msg>
<status status="PASS" starttime="20210427 20:17:15.772" endtime="20210427 20:17:16.504"/>
</kw>
<status status="PASS" starttime="20210427 20:17:15.107" endtime="20210427 20:17:16.504"/>
</test>
<test id="s1-t3" name="Add to cart">
<kw name="Click Element" library="SeleniumLibrary">
<arg>${ADD_TO_CART}</arg>
<doc>Click the element identified by ``locator``.</doc>
<msg timestamp="20210427 20:17:16.506" level="INFO">Clicking element '//*[@id="9300000000132991"]'.</msg>
<status status="PASS" starttime="20210427 20:17:16.506" endtime="20210427 20:17:16.934"/>
</kw>
<kw name="Wait Until Page Contains" library="SeleniumLibrary">
<arg>Het artikel is toegevoegd aan je winkelwagen</arg>
<doc>Waits until ``text`` appears on the current page.</doc>
<status status="PASS" starttime="20210427 20:17:16.934" endtime="20210427 20:17:17.282"/>
</kw>
<status status="PASS" starttime="20210427 20:17:16.505" endtime="20210427 20:17:17.282"/>
</test>
<test id="s1-t4" name="Close All Browsers">
<kw name="Close Browser" library="SeleniumLibrary">
<doc>Closes the current browser.</doc>
<status status="PASS" starttime="20210427 20:17:17.284" endtime="20210427 20:17:19.580"/>
</kw>
<status status="PASS" starttime="20210427 20:17:17.283" endtime="20210427 20:17:19.581"/>
</test>
<kw name="Close All Browsers" library="SeleniumLibrary" type="TEARDOWN">
<doc>Closes all open browsers and resets the browser cache.</doc>
<status status="PASS" starttime="20210427 20:17:19.582" endtime="20210427 20:17:19.582"/>
</kw>
<status status="PASS" starttime="20210427 20:17:11.585" endtime="20210427 20:17:19.583"/>
</suite>
<statistics>
<total>
<stat pass="4" fail="0" skip="0">All Tests</stat>
</total>
<tag>
</tag>
<suite>
<stat pass="4" fail="0" skip="0" id="s1" name="Bol">Bol</stat>
</suite>
</statistics>
<errors>
</errors>
</robot>
