<?xml version="1.0" encoding="UTF-8"?>
<robot generator="Robot 4.0 (Python 3.11.4 on win32)" generated="20230919 14:50:07.018" rpa="false" schemaversion="2">
<suite id="s1" name="Test" source="c:\Users\jain532\Downloads\Personal\Code\prodaptRobotFramework\test.robot">
<test id="s1-t1" name="Play with List">
<kw name="playing with List">
<kw name="Create List" library="BuiltIn">
<var>${list1}</var>
<arg>1</arg>
<arg>2</arg>
<arg>3</arg>
<arg>4</arg>
<doc>Returns a list containing given items.</doc>
<msg timestamp="20230919 14:50:07.417" level="INFO">${list1} = ['1', '2', '3', '4']</msg>
<status status="PASS" starttime="20230919 14:50:07.414" endtime="20230919 14:50:07.422"/>
</kw>
<kw name="Create List" library="BuiltIn">
<var>${sub_list1}</var>
<arg>2</arg>
<arg>1</arg>
<arg>3</arg>
<arg>4</arg>
<doc>Returns a list containing given items.</doc>
<msg timestamp="20230919 14:50:07.423" level="INFO">${sub_list1} = ['2', '1', '3', '4']</msg>
<status status="PASS" starttime="20230919 14:50:07.422" endtime="20230919 14:50:07.423"/>
</kw>
<kw name="Log" library="BuiltIn">
<arg>${list1}</arg>
<doc>Logs the given message with the given level.</doc>
<msg timestamp="20230919 14:50:07.424" level="INFO">['1', '2', '3', '4']</msg>
<status status="PASS" starttime="20230919 14:50:07.423" endtime="20230919 14:50:07.425"/>
</kw>
<kw name="List Should Contain Sub List" library="Collections">
<arg>${list1}</arg>
<arg>${sub_list1}</arg>
<arg>ignore_order=False</arg>
<doc>Fails if not all of the elements in ``list2`` are found in ``list1``.</doc>
<status status="PASS" starttime="20230919 14:50:07.425" endtime="20230919 14:50:07.426"/>
</kw>
<status status="PASS" starttime="20230919 14:50:07.414" endtime="20230919 14:50:07.426"/>
</kw>
<status status="PASS" starttime="20230919 14:50:07.411" endtime="20230919 14:50:07.427"/>
</test>
<status status="PASS" starttime="20230919 14:50:07.033" endtime="20230919 14:50:07.430"/>
</suite>
<statistics>
<total>
<stat pass="1" fail="0" skip="0">All Tests</stat>
</total>
<tag>
</tag>
<suite>
<stat pass="1" fail="0" skip="0" id="s1" name="Test">Test</stat>
</suite>
</statistics>
<errors>
</errors>
</robot>
