<?xml version="1.0" encoding="UTF-8"?>
<robot generator="Robot 4.0 (Python 3.11.1 on win32)" generated="20230330 09:46:23.342" rpa="false" schemaversion="2">
<suite id="s1" name="Test" source="c:\Users\jain532\Downloads\Personal\Code\prodaptRobotFramework\test.robot">
<test id="s1-t1" name="Get Data from JSON file">
<kw name="Log To Console" library="BuiltIn">
<arg>\n ${tokenheader}</arg>
<doc>Logs the given message to the console.</doc>
<status status="PASS" starttime="20230330 09:46:23.443" endtime="20230330 09:46:23.444"/>
</kw>
<status status="PASS" starttime="20230330 09:46:23.442" endtime="20230330 09:46:23.444"/>
</test>
<status status="PASS" starttime="20230330 09:46:23.347" endtime="20230330 09:46:23.445"/>
</suite>
<statistics>
<total>
<stat pass="1" fail="0" skip="0">All Tests</stat>
</total>
<tag>
</tag>
<suite>
<stat pass="1" fail="0" skip="0" id="s1" name="Test">Test</stat>
</suite>
</statistics>
<errors>
</errors>
</robot>
