<?xml version="1.0" encoding="UTF-8"?>
<robot generator="Robot 4.0.1 (Python 3.9.4 on win32)" generated="20210427 23:26:13.889" rpa="false" schemaversion="2">
<suite id="s1" name="Bol" source="D:\Personal\Automation\Python\LearningPython\prodaptRobotFramework\bol.robot">
<test id="s1-t1" name="Visit Bol">
<kw name="Open Browser" library="SeleniumLibrary">
<arg>${HOME_PAGE}</arg>
<arg>${BROWSER}</arg>
<doc>Opens a new browser instance to the optional ``url``.</doc>
<msg timestamp="20210427 23:26:14.316" level="INFO">Opening browser 'headlesschrome' to base url 'https://www.bol.com'.</msg>
<status status="PASS" starttime="20210427 23:26:14.316" endtime="20210427 23:26:19.784"/>
</kw>
<kw name="Click Element" library="SeleniumLibrary">
<arg>${ACCPET_COOKIE}</arg>
<doc>Click the element identified by ``locator``.</doc>
<msg timestamp="20210427 23:26:19.785" level="INFO">Clicking element '//*[@id="modalWindow"]/div[2]/div[2]/wsp-consent-modal/div[2]/div/div[1]/button'.</msg>
<status status="PASS" starttime="20210427 23:26:19.784" endtime="20210427 23:26:20.045"/>
</kw>
<status status="PASS" starttime="20210427 23:26:14.315" endtime="20210427 23:26:20.046"/>
</test>
<test id="s1-t2" name="Search for Samsung S6 lite">
<kw name="Press Keys" library="SeleniumLibrary">
<arg>${SEARCH_FOR}</arg>
<arg>${SEARCH_CONTAINS}</arg>
<doc>Simulates the user pressing key(s) to an element or on the active browser.</doc>
<msg timestamp="20210427 23:26:20.053" level="INFO">Sending key(s) ('Samsung S6 lite',) to //*[@id="searchfor"] element.</msg>
<msg timestamp="20210427 23:26:20.399" level="INFO">Sending keys Samsung S6 lite</msg>
<status status="PASS" starttime="20210427 23:26:20.052" endtime="20210427 23:26:20.481"/>
</kw>
<kw name="Click Element" library="SeleniumLibrary">
<arg>${SEARCH_BUTTON}</arg>
<doc>Click the element identified by ``locator``.</doc>
<msg timestamp="20210427 23:26:20.482" level="INFO">Clicking element '//*[@id="siteSearch"]/div/button'.</msg>
<status status="PASS" starttime="20210427 23:26:20.481" endtime="20210427 23:26:21.235"/>
</kw>
<status status="PASS" starttime="20210427 23:26:20.050" endtime="20210427 23:26:21.236"/>
</test>
<test id="s1-t3" name="Add to cart">
<kw name="Click Element" library="SeleniumLibrary">
<arg>${ADD_TO_CART}</arg>
<doc>Click the element identified by ``locator``.</doc>
<msg timestamp="20210427 23:26:21.239" level="INFO">Clicking element '//*[@id="9300000000132991"]'.</msg>
<status status="PASS" starttime="20210427 23:26:21.239" endtime="20210427 23:26:21.797"/>
</kw>
<kw name="Wait Until Page Contains" library="SeleniumLibrary">
<arg>Het artikel is toegevoegd aan je winkelwagen</arg>
<doc>Waits until ``text`` appears on the current page.</doc>
<status status="PASS" starttime="20210427 23:26:21.839" endtime="20210427 23:26:22.161"/>
</kw>
<status status="PASS" starttime="20210427 23:26:21.238" endtime="20210427 23:26:22.161"/>
</test>
<test id="s1-t4" name="Close All Browsers">
<kw name="Close Browser" library="SeleniumLibrary">
<doc>Closes the current browser.</doc>
<status status="PASS" starttime="20210427 23:26:22.166" endtime="20210427 23:26:24.329"/>
</kw>
<status status="PASS" starttime="20210427 23:26:22.165" endtime="20210427 23:26:24.331"/>
</test>
<kw name="Close All Browsers" library="SeleniumLibrary" type="TEARDOWN">
<doc>Closes all open browsers and resets the browser cache.</doc>
<status status="PASS" starttime="20210427 23:26:24.343" endtime="20210427 23:26:24.345"/>
</kw>
<status status="PASS" starttime="20210427 23:26:13.893" endtime="20210427 23:26:24.345"/>
</suite>
<statistics>
<total>
<stat pass="4" fail="0" skip="0">All Tests</stat>
</total>
<tag>
</tag>
<suite>
<stat pass="4" fail="0" skip="0" id="s1" name="Bol">Bol</stat>
</suite>
</statistics>
<errors>
</errors>
</robot>
